<?xml version="1.0" encoding="UTF-8"?>
<testng-results ignored="0" total="1" passed="1" failed="0" skipped="0">
  <reporter-output>
  </reporter-output>
  <suite started-at="2022-09-18T17:23:29 IST" name="Default suite" finished-at="2022-09-18T17:23:29 IST" duration-ms="134">
    <groups>
    </groups>
    <test started-at="2022-09-18T17:23:29 IST" name="Default test" finished-at="2022-09-18T17:23:29 IST" duration-ms="134">
      <class name="nnn.Nnn">
        <test-method signature="nn()[pri:0, instance:nnn.Nnn@a9cd3b1]" started-at="2022-09-18T17:23:29 IST" name="nn" finished-at="2022-09-18T17:23:29 IST" duration-ms="26" status="PASS">
          <reporter-output>
          </reporter-output>
        </test-method> <!-- nn -->
      </class> <!-- nnn.Nnn -->
    </test> <!-- Default test -->
  </suite> <!-- Default suite -->
</testng-results>
